{
  "task_id": "7",
  "timestamp": "2025-06-08T02:29:38.799844",
  "passed": false,
  "stdout": "============================= test session starts ==============================\nplatform darwin -- Python 3.13.4, pytest-7.4.4, pluggy-1.6.0 -- /Users/dionedge/Library/Caches/pypoetry/virtualenvs/darwin-2ejVur7l-py3.13/bin/python\ncachedir: .pytest_cache\nhypothesis profile 'default'\nbenchmark: 4.0.0 (defaults: timer=time.perf_counter disable_gc=False min_rounds=5 min_time=0.000005 max_time=1.0 calibration_precision=10 warmup=False warmup_iterations=100000)\nrootdir: /Users/dionedge/devqai/darwin\nconfigfile: pytest.ini\nplugins: hypothesis-6.135.2, xdist-3.7.0, logfire-3.18.0, anyio-4.9.0, cov-4.1.0, mock-3.14.1, asyncio-0.21.2, benchmark-4.0.0\nasyncio: mode=Mode.STRICT\ncollecting ... collected 29 items\n\ntests/test_task_7.py::TestTask7_FastAPIImplementation::test_fastapi_app_exists PASSED [  3%]\ntests/test_task_7.py::TestTask7_FastAPIImplementation::test_fastapi_app_structure PASSED [  6%]\ntests/test_task_7.py::TestTask7_FastAPIImplementation::test_fastapi_app_importable SKIPPED [ 10%]\ntests/test_task_7.py::TestTask7_APIEndpoints::test_health_endpoint SKIPPED [ 13%]\ntests/test_task_7.py::TestTask7_APIEndpoints::test_optimizers_create_endpoint SKIPPED [ 17%]\ntests/test_task_7.py::TestTask7_APIEndpoints::test_optimizer_status_endpoint SKIPPED [ 20%]\ntests/test_task_7.py::TestTask7_APIEndpoints::test_optimizer_run_endpoint SKIPPED [ 24%]\ntests/test_task_7.py::TestTask7_APIEndpoints::test_optimizer_stop_endpoint SKIPPED [ 27%]\ntests/test_task_7.py::TestTask7_APIEndpoints::test_optimizer_results_endpoint SKIPPED [ 31%]\ntests/test_task_7.py::TestTask7_APIEndpoints::test_optimizer_delete_endpoint SKIPPED [ 34%]\ntests/test_task_7.py::TestTask7_APIEndpoints::test_optimizer_progress_endpoint SKIPPED [ 37%]\ntests/test_task_7.py::TestTask7_APIEndpoints::test_optimizer_history_endpoint SKIPPED [ 41%]\ntests/test_task_7.py::TestTask7_APIEndpoints::test_templates_endpoint SKIPPED [ 44%]\ntests/test_task_7.py::TestTask7_APIEndpoints::test_algorithms_endpoint SKIPPED [ 48%]\ntests/test_task_7.py::TestTask7_APIEndpoints::test_metrics_endpoint SKIPPED [ 51%]\ntests/test_task_7.py::TestTask7_Middleware::test_logfire_middleware_exists PASSED [ 55%]\ntests/test_task_7.py::TestTask7_Middleware::test_cors_middleware PASSED  [ 58%]\ntests/test_task_7.py::TestTask7_Middleware::test_request_validation_middleware PASSED [ 62%]\ntests/test_task_7.py::TestTask7_Models::test_request_models_exist PASSED [ 65%]\ntests/test_task_7.py::TestTask7_Models::test_response_models_exist PASSED [ 68%]\ntests/test_task_7.py::TestTask7_Dependencies::test_task_dependencies FAILED [ 72%]\ntests/test_task_7.py::TestTask7_Integration::test_api_documentation_generation ERROR [ 75%]\ntests/test_task_7.py::TestTask7_Integration::test_error_handling ERROR   [ 79%]\ntests/test_task_7.py::TestTask7_Integration::test_content_type_handling ERROR [ 82%]\ntests/test_task_7.py::TestTask7_Integration::test_api_versioning ERROR   [ 86%]\ntests/test_task_7.py::TestTask7_Integration::test_task_completion_validation FAILED [ 89%]\ntests/test_task_7.py::TestTask7_Performance::test_health_endpoint_performance ERROR [ 93%]\ntests/test_task_7.py::TestTask7_Security::test_input_validation ERROR    [ 96%]\ntests/test_task_7.py::TestTask7_Security::test_request_size_limits ERROR [100%]\n\n==================================== ERRORS ====================================\n__ ERROR at setup of TestTask7_Integration.test_api_documentation_generation ___\nfile /Users/dionedge/devqai/darwin/tests/test_task_7.py, line 329\n      def test_api_documentation_generation(self, client):\nE       fixture 'client' not found\n>       available fixtures: anyio_backend, anyio_backend_name, anyio_backend_options, benchmark, benchmark_weave, cache, capfd, capfdbinary, capfire, caplog, capsys, capsysbinary, class_mocker, cov, directory_validator, docker_client, docker_validator, doctest_namespace, event_loop, free_tcp_port, free_tcp_port_factory, free_udp_port, free_udp_port_factory, git_validator, mocker, module_mocker, monkeypatch, no_cover, package_mocker, poetry_env, poetry_validator, project_root, pytestconfig, record_property, record_testsuite_property, record_xml_attribute, recwarn, session_mocker, task_validator, testrun_uid, tmp_path, tmp_path_factory, tmpdir, tmpdir_factory, unused_tcp_port, unused_tcp_port_factory, unused_udp_port, unused_udp_port_factory, worker_id\n>       use 'pytest --fixtures [testpath]' for help on them.\n\n/Users/dionedge/devqai/darwin/tests/test_task_7.py:329\n_________ ERROR at setup of TestTask7_Integration.test_error_handling __________\nfile /Users/dionedge/devqai/darwin/tests/test_task_7.py, line 342\n      def test_error_handling(self, client):\nE       fixture 'client' not found\n>       available fixtures: anyio_backend, anyio_backend_name, anyio_backend_options, benchmark, benchmark_weave, cache, capfd, capfdbinary, capfire, caplog, capsys, capsysbinary, class_mocker, cov, directory_validator, docker_client, docker_validator, doctest_namespace, event_loop, free_tcp_port, free_tcp_port_factory, free_udp_port, free_udp_port_factory, git_validator, mocker, module_mocker, monkeypatch, no_cover, package_mocker, poetry_env, poetry_validator, project_root, pytestconfig, record_property, record_testsuite_property, record_xml_attribute, recwarn, session_mocker, task_validator, testrun_uid, tmp_path, tmp_path_factory, tmpdir, tmpdir_factory, unused_tcp_port, unused_tcp_port_factory, unused_udp_port, unused_udp_port_factory, worker_id\n>       use 'pytest --fixtures [testpath]' for help on them.\n\n/Users/dionedge/devqai/darwin/tests/test_task_7.py:342\n______ ERROR at setup of TestTask7_Integration.test_content_type_handling ______\nfile /Users/dionedge/devqai/darwin/tests/test_task_7.py, line 353\n      def test_content_type_handling(self, client):\nE       fixture 'client' not found\n>       available fixtures: anyio_backend, anyio_backend_name, anyio_backend_options, benchmark, benchmark_weave, cache, capfd, capfdbinary, capfire, caplog, capsys, capsysbinary, class_mocker, cov, directory_validator, docker_client, docker_validator, doctest_namespace, event_loop, free_tcp_port, free_tcp_port_factory, free_udp_port, free_udp_port_factory, git_validator, mocker, module_mocker, monkeypatch, no_cover, package_mocker, poetry_env, poetry_validator, project_root, pytestconfig, record_property, record_testsuite_property, record_xml_attribute, recwarn, session_mocker, task_validator, testrun_uid, tmp_path, tmp_path_factory, tmpdir, tmpdir_factory, unused_tcp_port, unused_tcp_port_factory, unused_udp_port, unused_udp_port_factory, worker_id\n>       use 'pytest --fixtures [testpath]' for help on them.\n\n/Users/dionedge/devqai/darwin/tests/test_task_7.py:353\n_________ ERROR at setup of TestTask7_Integration.test_api_versioning __________\nfile /Users/dionedge/devqai/darwin/tests/test_task_7.py, line 361\n      def test_api_versioning(self, client):\nE       fixture 'client' not found\n>       available fixtures: anyio_backend, anyio_backend_name, anyio_backend_options, benchmark, benchmark_weave, cache, capfd, capfdbinary, capfire, caplog, capsys, capsysbinary, class_mocker, cov, directory_validator, docker_client, docker_validator, doctest_namespace, event_loop, free_tcp_port, free_tcp_port_factory, free_udp_port, free_udp_port_factory, git_validator, mocker, module_mocker, monkeypatch, no_cover, package_mocker, poetry_env, poetry_validator, project_root, pytestconfig, record_property, record_testsuite_property, record_xml_attribute, recwarn, session_mocker, task_validator, testrun_uid, tmp_path, tmp_path_factory, tmpdir, tmpdir_factory, unused_tcp_port, unused_tcp_port_factory, unused_udp_port, unused_udp_port_factory, worker_id\n>       use 'pytest --fixtures [testpath]' for help on them.\n\n/Users/dionedge/devqai/darwin/tests/test_task_7.py:361\n___ ERROR at setup of TestTask7_Performance.test_health_endpoint_performance ___\nfile /Users/dionedge/devqai/darwin/tests/test_task_7.py, line 385\n      def test_health_endpoint_performance(self, client):\nE       fixture 'client' not found\n>       available fixtures: anyio_backend, anyio_backend_name, anyio_backend_options, benchmark, benchmark_weave, cache, capfd, capfdbinary, capfire, caplog, capsys, capsysbinary, class_mocker, cov, directory_validator, docker_client, docker_validator, doctest_namespace, event_loop, free_tcp_port, free_tcp_port_factory, free_udp_port, free_udp_port_factory, git_validator, mocker, module_mocker, monkeypatch, no_cover, package_mocker, poetry_env, poetry_validator, project_root, pytestconfig, record_property, record_testsuite_property, record_xml_attribute, recwarn, session_mocker, task_validator, testrun_uid, tmp_path, tmp_path_factory, tmpdir, tmpdir_factory, unused_tcp_port, unused_tcp_port_factory, unused_udp_port, unused_udp_port_factory, worker_id\n>       use 'pytest --fixtures [testpath]' for help on them.\n\n/Users/dionedge/devqai/darwin/tests/test_task_7.py:385\n__________ ERROR at setup of TestTask7_Security.test_input_validation __________\nfile /Users/dionedge/devqai/darwin/tests/test_task_7.py, line 403\n      def test_input_validation(self, client):\nE       fixture 'client' not found\n>       available fixtures: anyio_backend, anyio_backend_name, anyio_backend_options, benchmark, benchmark_weave, cache, capfd, capfdbinary, capfire, caplog, capsys, capsysbinary, class_mocker, cov, directory_validator, docker_client, docker_validator, doctest_namespace, event_loop, free_tcp_port, free_tcp_port_factory, free_udp_port, free_udp_port_factory, git_validator, mocker, module_mocker, monkeypatch, no_cover, package_mocker, poetry_env, poetry_validator, project_root, pytestconfig, record_property, record_testsuite_property, record_xml_attribute, recwarn, session_mocker, task_validator, testrun_uid, tmp_path, tmp_path_factory, tmpdir, tmpdir_factory, unused_tcp_port, unused_tcp_port_factory, unused_udp_port, unused_udp_port_factory, worker_id\n>       use 'pytest --fixtures [testpath]' for help on them.\n\n/Users/dionedge/devqai/darwin/tests/test_task_7.py:403\n________ ERROR at setup of TestTask7_Security.test_request_size_limits _________\nfile /Users/dionedge/devqai/darwin/tests/test_task_7.py, line 418\n      def test_request_size_limits(self, client):\nE       fixture 'client' not found\n>       available fixtures: anyio_backend, anyio_backend_name, anyio_backend_options, benchmark, benchmark_weave, cache, capfd, capfdbinary, capfire, caplog, capsys, capsysbinary, class_mocker, cov, directory_validator, docker_client, docker_validator, doctest_namespace, event_loop, free_tcp_port, free_tcp_port_factory, free_udp_port, free_udp_port_factory, git_validator, mocker, module_mocker, monkeypatch, no_cover, package_mocker, poetry_env, poetry_validator, project_root, pytestconfig, record_property, record_testsuite_property, record_xml_attribute, recwarn, session_mocker, task_validator, testrun_uid, tmp_path, tmp_path_factory, tmpdir, tmpdir_factory, unused_tcp_port, unused_tcp_port_factory, unused_udp_port, unused_udp_port_factory, worker_id\n>       use 'pytest --fixtures [testpath]' for help on them.\n\n/Users/dionedge/devqai/darwin/tests/test_task_7.py:418\n=================================== FAILURES ===================================\n________________ TestTask7_Dependencies.test_task_dependencies _________________\ntests/test_task_7.py:310: in test_task_dependencies\n    task_7, _ = task_validator.get_task_by_id(\"7\")\nE   ValueError: too many values to unpack (expected 2)\n____________ TestTask7_Integration.test_task_completion_validation _____________\ntests/test_task_7.py:370: in test_task_completion_validation\n    task = task_validator.get_task_by_id(\"7\")[0]\nE   KeyError: 0\n=============================== warnings summary ===============================\n../../Library/Caches/pypoetry/virtualenvs/darwin-2ejVur7l-py3.13/lib/python3.13/site-packages/fastapi/openapi/models.py:55\n  /Users/dionedge/Library/Caches/pypoetry/virtualenvs/darwin-2ejVur7l-py3.13/lib/python3.13/site-packages/fastapi/openapi/models.py:55: DeprecationWarning: `general_plain_validator_function` is deprecated, use `with_info_plain_validator_function` instead.\n    return general_plain_validator_function(cls._validate)\n\n../../Library/Caches/pypoetry/virtualenvs/darwin-2ejVur7l-py3.13/lib/python3.13/site-packages/pydantic_core/core_schema.py:4298\n  /Users/dionedge/Library/Caches/pypoetry/virtualenvs/darwin-2ejVur7l-py3.13/lib/python3.13/site-packages/pydantic_core/core_schema.py:4298: DeprecationWarning: `general_plain_validator_function` is deprecated, use `with_info_plain_validator_function` instead.\n    warnings.warn(\n\ntests/test_task_7.py:381\n  /Users/dionedge/devqai/darwin/tests/test_task_7.py:381: PytestUnknownMarkWarning: Unknown pytest.mark.performance - is this a typo?  You can register custom marks to avoid this warning - for details, see https://docs.pytest.org/en/stable/how-to/mark.html\n    @pytest.mark.performance\n\ntests/test_task_7.py:399\n  /Users/dionedge/devqai/darwin/tests/test_task_7.py:399: PytestUnknownMarkWarning: Unknown pytest.mark.security - is this a typo?  You can register custom marks to avoid this warning - for details, see https://docs.pytest.org/en/stable/how-to/mark.html\n    @pytest.mark.security\n\n-- Docs: https://docs.pytest.org/en/stable/how-to/capture-warnings.html\n=========================== short test summary info ============================\nFAILED tests/test_task_7.py::TestTask7_Dependencies::test_task_dependencies\nFAILED tests/test_task_7.py::TestTask7_Integration::test_task_completion_validation\nERROR tests/test_task_7.py::TestTask7_Integration::test_api_documentation_generation\nERROR tests/test_task_7.py::TestTask7_Integration::test_error_handling\nERROR tests/test_task_7.py::TestTask7_Integration::test_content_type_handling\nERROR tests/test_task_7.py::TestTask7_Integration::test_api_versioning\nERROR tests/test_task_7.py::TestTask7_Performance::test_health_endpoint_performance\nERROR tests/test_task_7.py::TestTask7_Security::test_input_validation\nERROR tests/test_task_7.py::TestTask7_Security::test_request_size_limits\n======== 2 failed, 7 passed, 13 skipped, 4 warnings, 7 errors in 0.47s =========\n",
  "stderr": ""
}
